2014/08/27 13:17:10 にビルドを開始しました。
     1>ノード 2 上のプロジェクト "C:\home\kurazume\src\tracking\src\tracking\tracking\tracking.vcxproj" (Build ターゲット)。
     1>ClCompile:
         C:\Program Files (x86)\Microsoft Visual Studio 12.0\VC\bin\CL.exe /c /Ic:\opencv\build\include /ZI /nologo /W3 /WX- /sdl /Od /Oy- /D WIN32 /D _DEBUG /D _CONSOLE /D _LIB /D _UNICODE /D UNICODE /Gm /EHsc /RTC1 /MDd /GS /fp:precise /Zc:wchar_t /Zc:forScope /Fo"Debug\\" /Fd"Debug\vc120.pdb" /Gd /TP /analyze- /errorReport:prompt ..\..\MultipleParticleFilter.cpp
         MultipleParticleFilter.cpp
     1>c:\opencv\build\include\opencv2\legacy\compat.hpp : warning C4819: ファイルは、現在のコード ページ (932) で表示できない文字を含んでいます。データの損失を防ぐために、ファイルを Unicode 形式で保存してください。
     1>c:\home\kurazume\src\tracking\src\define.h(48): warning C4005: 'ZeroMemory' : マクロが再定義されました。
                 c:\program files (x86)\windows kits\8.1\include\um\minwinbase.h(38) : 'ZeroMemory' の前の定義を確認してください
     1>c:\home\kurazume\src\tracking\src\define.h(49): warning C4005: 'CopyMemory' : マクロが再定義されました。
                 c:\program files (x86)\windows kits\8.1\include\um\minwinbase.h(36) : 'CopyMemory' の前の定義を確認してください
     1>c:\home\kurazume\src\tracking\src\multipleparticlefilter.cpp(59): warning C4018: '<' : signed と unsigned の数値を比較しようとしました。
     1>c:\home\kurazume\src\tracking\src\multipleparticlefilter.cpp(86): warning C4018: '<' : signed と unsigned の数値を比較しようとしました。
     1>c:\home\kurazume\src\tracking\src\multipleparticlefilter.cpp(90): warning C4018: '<' : signed と unsigned の数値を比較しようとしました。
       Link:
         C:\Program Files (x86)\Microsoft Visual Studio 12.0\VC\bin\link.exe /ERRORREPORT:PROMPT /OUT:"C:\home\kurazume\src\tracking\src\tracking\Debug\tracking.exe" /INCREMENTAL /NOLOGO /LIBPATH:c:\opencv\build\x86\vc12\lib opencv_core249d.lib opencv_imgproc249d.lib opencv_legacy249d.lib opencv_highgui249d.lib kernel32.lib user32.lib gdi32.lib winspool.lib comdlg32.lib advapi32.lib shell32.lib ole32.lib oleaut32.lib uuid.lib odbc32.lib odbccp32.lib /MANIFEST /MANIFESTUAC:"level='asInvoker' uiAccess='false'" /manifest:embed /DEBUG /PDB:"C:\home\kurazume\src\tracking\src\tracking\Debug\tracking.pdb" /SUBSYSTEM:CONSOLE /TLBID:1 /DYNAMICBASE /NXCOMPAT /IMPLIB:"C:\home\kurazume\src\tracking\src\tracking\Debug\tracking.lib" /MACHINE:X86 Debug\Laser.obj
         Debug\MultipleParticleFilter.obj
         Debug\PF.obj
         Debug\Target.obj
         Debug\tracker.obj
         tracking.vcxproj -> C:\home\kurazume\src\tracking\src\tracking\Debug\tracking.exe
     1>プロジェクト "C:\home\kurazume\src\tracking\src\tracking\tracking\tracking.vcxproj" (Build ターゲット) のビルドが完了しました。

ビルドに成功しました。

経過時間 00:00:01.74
